<?xml version="1.0" encoding="UTF-8" ?>
<testsuite tests="1" failures="0" name="epgtools.dumpepgfromts.subtool.ChannelListMakerTest" time="4.251" errors="1" skipped="0">
  <properties>
[...]
</properties>
  <testcase classname="epgtools.dumpepgfromts.subtool.ChannelListMakerTest" name="testMaker" time="4.193">
    <error message="Uncompilable source code - Erroneous tree type: &lt;any&gt;" type="java.lang.RuntimeException">java.lang.RuntimeException: Uncompilable source code - Erroneous tree type: &lt;any&gt;
	at epgtools.dumpepgfromts.dataextractor.channel.ChannelDataExtractor.&lt;init&gt;(ChannelDataExtractor.java:43)
	at epgtools.dumpepgfromts.FileLoader.load(FileLoader.java:95)
	at epgtools.dumpepgfromts.subtool.ChannelListMaker.maker(ChannelListMaker.java:74)
	at epgtools.dumpepgfromts.subtool.ChannelListMakerTest.testMaker(ChannelListMakerTest.java:61)
	at sun.reflect.NativeMethodAccessorImpl.invoke0(Native Method)
	at sun.reflect.NativeMethodAccessorImpl.invoke(NativeMethodAccessorImpl.java:62)
	at sun.reflect.DelegatingMethodAccessorImpl.invoke(DelegatingMethodAccessorImpl.java:43)
	at java.lang.reflect.Method.invoke(Method.java:498)
	at org.junit.runners.model.FrameworkMethod$1.runReflectiveCall(FrameworkMethod.java:50)
	at org.junit.internal.runners.model.ReflectiveCallable.run(ReflectiveCallable.java:12)
	at org.junit.runners.model.FrameworkMethod.invokeExplosively(FrameworkMethod.java:47)
	at org.junit.internal.runners.statements.InvokeMethod.evaluate(InvokeMethod.java:17)
	at org.junit.internal.runners.statements.RunBefores.evaluate(RunBefores.java:26)
	at org.junit.internal.runners.statements.RunAfters.evaluate(RunAfters.java:27)
	at org.junit.runners.ParentRunner.runLeaf(ParentRunner.java:325)
	at org.junit.runners.BlockJUnit4ClassRunner.runChild(BlockJUnit4ClassRunner.java:78)
	at org.junit.runners.BlockJUnit4ClassRunner.runChild(BlockJUnit4ClassRunner.java:57)
	at org.junit.runners.ParentRunner$3.run(ParentRunner.java:290)
	at org.junit.runners.ParentRunner$1.schedule(ParentRunner.java:71)
	at org.junit.runners.ParentRunner.runChildren(ParentRunner.java:288)
	at org.junit.runners.ParentRunner.access$000(ParentRunner.java:58)
	at org.junit.runners.ParentRunner$2.evaluate(ParentRunner.java:268)
	at org.junit.internal.runners.statements.RunBefores.evaluate(RunBefores.java:26)
	at org.junit.internal.runners.statements.RunAfters.evaluate(RunAfters.java:27)
	at org.junit.runners.ParentRunner.run(ParentRunner.java:363)
	at org.apache.maven.surefire.junit4.JUnit4TestSet.execute(JUnit4TestSet.java:53)
	at org.apache.maven.surefire.junit4.JUnit4Provider.executeTestSet(JUnit4Provider.java:123)
	at org.apache.maven.surefire.junit4.JUnit4Provider.invoke(JUnit4Provider.java:104)
	at sun.reflect.NativeMethodAccessorImpl.invoke0(Native Method)
	at sun.reflect.NativeMethodAccessorImpl.invoke(NativeMethodAccessorImpl.java:62)
	at sun.reflect.DelegatingMethodAccessorImpl.invoke(DelegatingMethodAccessorImpl.java:43)
	at java.lang.reflect.Method.invoke(Method.java:498)
	at org.apache.maven.surefire.util.ReflectionUtils.invokeMethodWithArray(ReflectionUtils.java:164)
	at org.apache.maven.surefire.booter.ProviderFactory$ProviderProxy.invoke(ProviderFactory.java:110)
	at org.apache.maven.surefire.booter.SurefireStarter.invokeProvider(SurefireStarter.java:175)
	at org.apache.maven.surefire.booter.SurefireStarter.runSuitesInProcessWhenForked(SurefireStarter.java:107)
	at org.apache.maven.surefire.booter.ForkedBooter.main(ForkedBooter.java:68)
</error>
    <system-out>maker
[INFO ] [2016/08/25 12:45:11.329] [main] - 読み込み対象ファイル = C:\Users\normal\Videos\101.ts epgtools.dumpepgfromts.FileLoader.load(FileLoader.java:76) load 76
[INFO ] [2016/08/25 12:45:11.333] [main] - 読み込みログ抑止中。 libepg.ts.reader.TsReader.&lt;clinit&gt;(TsReader.java:47) &lt;clinit&gt; 47
[INFO ] [2016/08/25 12:45:11.336] [main] - チェックログ抑止中。 libepg.ts.aligner.TsPacketAligner.&lt;clinit&gt;(TsPacketAligner.java:60) &lt;clinit&gt; 60
[INFO ] [2016/08/25 12:45:15.197] [main] - 指定された数のパケットを読み込みました。読み込みを中断します。 指定されたパケット数 = 1000000 libepg.ts.reader.TsReader.getPackets(TsReader.java:185) getPackets 185
[INFO ] [2016/08/25 12:45:15.198] [main] - 合計読み込みパケット数 = 1000000 libepg.ts.reader.TsReader.getPackets(TsReader.java:215) getPackets 215
[INFO ] [2016/08/25 12:45:15.200] [main] - 処理対象pid = 11 pid定数 = SDT_OR_BAT(pidName=サービス記述テーブルもしくはブーケアソシエーションテーブル,PIDs=[11]) epgtools.dumpepgfromts.FileLoader.load(FileLoader.java:82) load 82
[INFO ] [2016/08/25 12:45:15.216] [main] - セクション数 = 28 epgtools.dumpepgfromts.FileLoader.load(FileLoader.java:86) load 86
[INFO ] [2016/08/25 12:45:15.217] [main] - 処理対象pid = 12 pid定数 = EIT_GR_ST(pidName=イベント情報テーブル,PIDs=[12][26][27]) epgtools.dumpepgfromts.FileLoader.load(FileLoader.java:82) load 82
[INFO ] [2016/08/25 12:45:15.267] [main] - セクション数 = 1668 epgtools.dumpepgfromts.FileLoader.load(FileLoader.java:86) load 86
[INFO ] [2016/08/25 12:45:15.267] [main] - 処理対象pid = 26 pid定数 = EIT_GR_ST(pidName=イベント情報テーブル,PIDs=[12][26][27]) epgtools.dumpepgfromts.FileLoader.load(FileLoader.java:82) load 82
[INFO ] [2016/08/25 12:45:15.268] [main] - セクション数 = 0 epgtools.dumpepgfromts.FileLoader.load(FileLoader.java:86) load 86
[INFO ] [2016/08/25 12:45:15.268] [main] - 処理対象pid = 27 pid定数 = EIT_GR_ST(pidName=イベント情報テーブル,PIDs=[12][26][27]) epgtools.dumpepgfromts.FileLoader.load(FileLoader.java:82) load 82
[INFO ] [2016/08/25 12:45:15.268] [main] - セクション数 = 0 epgtools.dumpepgfromts.FileLoader.load(FileLoader.java:86) load 86
</system-out>
  </testcase>
</testsuite>